<?xml version="1.0" encoding="UTF-8"?>
<testng-results total="1" passed="1" failed="0" skipped="0">
    <suite name="Flight Booking Suite" duration-ms="1234" started-at="2025-05-25T10:00:00Z" finished-at="2025-05-25T10:00:01Z">
        <test name="Flight Booking Test" duration-ms="1234" started-at="2025-05-25T10:00:00Z" finished-at="2025-05-25T10:00:01Z">
            <class name="tests.FlightBookingTest">
                <test-method status="PASS" name="testFlightBooking" is-config="false" duration-ms="1234" started-at="2025-05-25T10:00:00Z" finished-at="2025-05-25T10:00:01Z"/>
            </class>
        </test>
    </suite>
</testng-results>
